number,value,datetime_start,datetime_complete,duration,params_colsample_bytree,params_learning_rate,params_max_depth,params_min_child_weight,params_n_estimators,params_reg_alpha,params_reg_lambda,params_subsample,state
0,0.2889983442438659,2026-08-23 10:46:55.211277,2026-08-23 10:47:03.746136,0 days 00:00:08.534859,0.5780093202212182,0.1205712628744377,6,1.8408992080552518,393,3.3323645788192616e-08,0.6245760287469893,0.8394633936788146,COMPLETE
1,0.28808549483387086,2026-08-23 10:47:03.746538,2026-08-23 10:47:14.942558,0 days 00:00:11.196020,0.9162213204002109,0.010725209743171996,5,2.2948683681130553,541,4.329370014459266e-07,4.4734294104626844e-07,0.9879639408647978,COMPLETE
2,0.2943117334938609,2026-08-23 10:47:14.942892,2026-08-23 10:47:21.824830,0 days 00:00:06.881938,0.8059264473611898,0.04345454109729477,5,1.7258215396624996,348,4.258943089524393e-06,1.9826980964985924e-05,0.7164916560792167,COMPLETE
3,0.2832835942493001,2026-08-23 10:47:21.825157,2026-08-23 10:47:33.922580,0 days 00:00:12.097423,0.7962072844310213,0.019721610970574007,6,1.199272452295516,446,0.0029369981104377003,3.425445902633376e-07,0.8056937753654446,COMPLETE
4,0.29872496322068,2026-08-23 10:47:33.922963,2026-08-23 10:47:38.167623,0 days 00:00:04.244660,0.6523068845866853,0.26690431824362526,6,1.4653521030672134,192,0.014391207615728067,9.148975058772307e-05,0.9233589392465844,COMPLETE
5,0.27515647797997794,2026-08-23 10:47:38.167938,2026-08-23 10:47:41.673799,0 days 00:00:03.505861,0.6293899908000085,0.011240768803005551,4,13.353819088790582,229,6.388511557344611e-06,0.0004793052550782129,0.9637281608315128,COMPLETE
6,0.2939693025155943,2026-08-23 10:47:41.674149,2026-08-23 10:47:48.272060,0 days 00:00:06.597911,0.9697494707820946,0.27051668818999286,3,33.13483615508948,505,0.002404915432737351,1.9809253750493907,0.9100531293444458,COMPLETE
7,0.2566091390183846,2026-08-23 10:47:48.272381,2026-08-23 10:47:50.816752,0 days 00:00:02.544371,0.6943386448447411,0.011662890273931383,3,2.8907721743726738,207,0.28749982347407854,1.6247252885719427e-05,0.7301321323053057,COMPLETE
8,0.28677223023707554,2026-08-23 10:47:50.817074,2026-08-23 10:47:55.844781,0 days 00:00:05.027707,0.5372753218398854,0.016149614799999188,5,47.49974771378395,332,0.08916674715636537,6.143857495033091e-07,0.9208787923016158,COMPLETE
9,0.2858336010317714,2026-08-23 10:47:55.845190,2026-08-23 10:48:00.083489,0 days 00:00:04.238299,0.8856351733429728,0.11069143219393454,6,1.3359790328445562,153,1.683416412018213e-05,1.1036250149900698e-07,0.8916028672163949,COMPLETE
10,0.29512096859115666,2026-08-23 10:48:00.083803,2026-08-23 10:48:11.715432,0 days 00:00:11.631629,0.6986045381822311,0.03885653774757292,4,5.9032661734456795,765,4.3444691085504035,0.016209635902427067,0.6071847502459279,COMPLETE
11,0.29781827207504596,2026-08-23 10:48:11.715745,2026-08-23 10:48:23.984558,0 days 00:00:12.268813,0.7065034325177559,0.04467005603247656,4,5.469634130660087,766,7.906845974305332,0.01209736478184054,0.6084895148950864,COMPLETE
12,0.2841510416327981,2026-08-23 10:48:23.985095,2026-08-23 10:48:35.269469,0 days 00:00:11.284374,0.6934976732186799,0.21800216311812107,4,5.104075271536853,792,9.306629993362407,0.007483948702276168,0.6035060603899748,COMPLETE
13,0.29479355135658547,2026-08-23 10:48:35.269774,2026-08-23 10:48:46.272512,0 days 00:00:11.002738,0.7571114615865944,0.06212638597242109,5,8.925136334851736,652,0.0012004114082688436,0.0010662913559615972,0.6908556046603515,COMPLETE
14,0.2869333537332836,2026-08-23 10:48:46.272824,2026-08-23 10:48:53.284854,0 days 00:00:07.012030,0.6176862055368464,0.15091596402897942,3,3.735613245027099,618,0.09984335242064662,0.0924933019394729,0.7845619357947551,COMPLETE
15,0.2991538997709033,2026-08-23 10:48:53.285155,2026-08-23 10:49:02.467926,0 days 00:00:09.182771,0.6604250893099085,0.06689802001564371,4,14.641586811306604,658,0.7073220474194049,7.748581640486553e-05,0.6646964823934016,COMPLETE
16,0.2892493262835399,2026-08-23 10:49:02.468331,2026-08-23 10:49:07.499700,0 days 00:00:05.031369,0.5050431295870819,0.07818931062718841,6,22.257675734211517,283,0.021714861721632374,2.5795120887616553e-05,0.8501210134220654,COMPLETE
17,0.29714719557763214,2026-08-23 10:49:07.500012,2026-08-23 10:49:18.904166,0 days 00:00:11.404154,0.6259902238606808,0.027733697012544203,5,14.499945738255175,677,0.0005010323726128082,0.00037368300471685276,0.6611695161130074,COMPLETE
18,0.2962522361596955,2026-08-23 10:49:18.904469,2026-08-23 10:49:31.026793,0 days 00:00:12.122324,0.5837739405994748,0.1810482911009809,4,9.73682861025296,556,0.6597097999080656,3.071294541563778e-06,0.737913839012134,COMPLETE
19,0.29667401820827954,2026-08-23 10:49:31.027108,2026-08-23 10:49:39.154055,0 days 00:00:08.126947,0.7567137983940708,0.0826698919530553,3,20.960886516892813,464,0.00012056494111768317,0.00014021547203370562,0.7730982444721965,COMPLETE
20,0.2922631020232291,2026-08-23 10:49:39.154349,2026-08-23 10:50:00.518738,0 days 00:00:21.364389,0.6505152466626335,0.26575507755093586,6,3.269961664110177,718,0.01610432783293682,4.358847196944602e-06,0.6754281977063095,COMPLETE
21,0.2990435938620344,2026-08-23 10:50:00.519096,2026-08-23 10:50:17.611760,0 days 00:00:17.092664,0.7207028826387174,0.04739633086494261,4,6.1965220452104885,730,1.690688885591964,0.004193508078124837,0.646990841845121,COMPLETE
22,0.2954442254721525,2026-08-23 10:50:17.612083,2026-08-23 10:50:31.343192,0 days 00:00:13.731109,0.7398168219812113,0.02810540723161519,4,8.440529173488633,604,1.1306246145627175,1.1017550609780293e-08,0.6471053137179894,COMPLETE
23,0.3005130693463203,2026-08-23 10:50:31.343491,2026-08-23 10:50:48.740748,0 days 00:00:17.397257,0.8293948872008856,0.05758396113414814,5,19.17777348402657,709,0.02313330005915982,0.0030684355836372674,0.6441027888226546,COMPLETE
24,0.29218882415415187,2026-08-23 10:50:48.741107,2026-08-23 10:51:11.780300,0 days 00:00:23.039193,0.8637614588317701,0.05979705198014015,4,19.243046197603096,725,1.289269547340555,0.002530134126417637,0.639618604795178,COMPLETE
25,0.29967690537208885,2026-08-23 10:51:11.780809,2026-08-23 10:51:25.772787,0 days 00:00:13.991978,0.8410698163848181,0.06177198506326925,5,29.8160591715199,682,0.0874974630423873,0.10028472406074673,0.7049043813119016,COMPLETE
26,0.2945323943403643,2026-08-23 10:51:25.773120,2026-08-23 10:51:37.130876,0 days 00:00:11.357756,0.8290251552246395,0.08610466233692576,5,33.50213205076636,677,0.06411696081332181,0.08345489162955153,0.692916316175628,COMPLETE
27,0.2925656808256169,2026-08-23 10:51:37.131178,2026-08-23 10:51:47.843826,0 days 00:00:10.712648,0.9979841512446788,0.0330279118076322,5,29.669078473929538,599,0.27703116002314276,0.07713438394721969,0.755496795465332,COMPLETE
28,0.29627081253229215,2026-08-23 10:51:47.844121,2026-08-23 10:52:04.141530,0 days 00:00:16.297409,0.9353829493000313,0.060458486461734566,5,48.266001909695404,645,0.009090765468181015,6.1442860179517504,0.7197474288664516,COMPLETE
29,0.2958381444110772,2026-08-23 10:52:04.141869,2026-08-23 10:52:20.360128,0 days 00:00:16.218259,0.8472147933184166,0.1022268832486803,5,13.840047071991458,568,0.00011327416668334509,0.6006767231636425,0.6959213980852316,COMPLETE
30,0.30081601278125375,2026-08-23 10:52:20.360458,2026-08-23 10:52:39.011249,0 days 00:00:18.650791,0.8940592932171197,0.13279105336918576,5,16.93406368155739,692,2.4249713988677684e-08,1.1808168674613113,0.6300388376360916,COMPLETE
31,0.2954806529171135,2026-08-23 10:52:39.011630,2026-08-23 10:52:58.929497,0 days 00:00:19.917867,0.8975262439375813,0.14085046067038,5,25.66278153570042,700,4.0362443007438306e-08,0.9816588957452177,0.638320983094314,COMPLETE
32,0.2970329051479939,2026-08-23 10:52:58.929796,2026-08-23 10:53:17.283892,0 days 00:00:18.354096,0.8010646774387342,0.06283773877927715,5,16.532579080371814,643,1.8469638845995123e-08,0.2208077003624922,0.6715975894086308,COMPLETE
33,0.3017618160897415,2026-08-23 10:53:17.284248,2026-08-23 10:53:40.283085,0 days 00:00:22.998837,0.9368012223030501,0.1417140041122338,5,11.25578377818797,748,8.160638282510398e-08,5.1564384198267375,0.6220792686840464,COMPLETE
34,0.30309323447465625,2026-08-23 10:53:40.283410,2026-08-23 10:54:03.154211,0 days 00:00:22.870801,0.9260741278503519,0.13180596870342223,5,10.528054744235208,757,1.261359391194559e-07,2.8686226449745202,0.625171612272567,COMPLETE
35,0.2943364839606606,2026-08-23 10:54:03.154567,2026-08-23 10:54:26.185115,0 days 00:00:23.030548,0.9338710113853612,0.12890216953434216,5,12.190599378127963,756,1.4596474028247443e-07,8.046926139362627,0.6246331941793127,COMPLETE
36,0.2921999154842682,2026-08-23 10:54:26.185448,2026-08-23 10:54:51.119435,0 days 00:00:24.933987,0.9448505129073005,0.17803963985094082,6,10.645086179936882,798,6.93412833356503e-07,3.059482019649409,0.6247906137237726,COMPLETE
37,0.29598167859840524,2026-08-23 10:54:51.119760,2026-08-23 10:55:13.204559,0 days 00:00:22.084799,0.8962511715899479,0.09861571437805902,5,7.439296660715572,747,5.373541021746068e-07,0.42213952716893155,0.6316324483985417,COMPLETE
38,0.2954702957293582,2026-08-23 10:55:13.204876,2026-08-23 10:55:46.176136,0 days 00:00:32.971260,0.9713386595732587,0.16327352930378783,6,1.0104917826805329,709,1.153215784894781e-07,1.6338158561619516,0.6030990055209017,COMPLETE
39,0.28948832966458077,2026-08-23 10:55:46.177531,2026-08-23 10:55:58.990625,0 days 00:00:12.813094,0.8753398828078673,0.20539910138006007,5,17.061486188317097,515,2.036992395440406e-06,0.028223472761745878,0.6591923187404889,COMPLETE
